<component name="libraryTable">
  <library name="junit:junit:4.12" type="repository">
    <properties maven-id="junit:junit:4.12" />
    <CLASSES>
      <root url="jar://$MAVEN_REPOSITORY$/junit/junit/4.12/junit-4.12.jar!/" />
      <root url="jar://$MAVEN_REPOSITORY$/org/hamcrest/hamcrest-core/1.3/hamcrest-core-1.3.jar!/" />
      <root url="jar://$PROJECT_DIR$/lib/objenesis-3.0.1.jar!/" />
      <root url="jar://$PROJECT_DIR$/lib/mockito-core-2.25.7.jar!/" />
      <root url="jar://$PROJECT_DIR$/lib/byte-buddy-agent-1.9.12.jar!/" />
      <root url="jar://$PROJECT_DIR$/lib/byte-buddy-1.9.12.jar!/" />
    </CLASSES>
    <JAVADOC />
    <SOURCES />
  </library>
</component>