<component name="libraryTable">
  <library name="junit:junit:4.12" type="repository">
    <properties maven-id="junit:junit:4.12" />
    <CLASSES>
      <root url="jar://$PROJECT_DIR$/lib/junit-4.12.jar!/" />
      <root url="jar://$PROJECT_DIR$/lib/hamcrest-core-1.3.jar!/" />
      <root url="jar://$PROJECT_DIR$/../Desktop/byte-buddy-1.9.12.jar!/" />
      <root url="jar://$PROJECT_DIR$/../Desktop/mockito-core-2.25.7.jar!/" />
      <root url="jar://$PROJECT_DIR$/../Desktop/byte-buddy-agent-1.9.12.jar!/" />
      <root url="jar://$PROJECT_DIR$/../Desktop/objenesis-3.0.1.jar!/" />
    </CLASSES>
    <JAVADOC />
    <SOURCES />
  </library>
</component>